<?xml version="1.0" encoding="UTF-8"?>
<testsuite xmlns:xsi="http://www.w3.org/2001/XMLSchema-instance" xsi:noNamespaceSchemaLocation="https://maven.apache.org/surefire/maven-surefire-plugin/xsd/surefire-test-report-3.0.xsd" version="3.0" name="org.ln.noortools.service.TagProcessorServiceIntegrationTest" time="2.16" tests="3" errors="0" skipped="0" failures="0">
  <properties>
[...]
</properties>
  <testcase name="testDecNTag" classname="org.ln.noortools.service.TagProcessorServiceIntegrationTest" time="0.783">
    <system-out><![CDATA[
  .   ____          _            __ _ _
 /\\ / ___'_ __ _ _(_)_ __  __ _ \ \ \ \
( ( )\___ | '_ | '_| | '_ \/ _` | \ \ \ \
 \\/  ___)| |_)| | | | | || (_| |  ) ) ) )
  '  |____| .__|_| |_|_| |_\__, | / / / /
 =========|_|==============|___/=/_/_/_/

 :: Spring Boot ::                (v3.5.7)

2025-10-26T00:12:08.924+02:00  INFO 364882 --- [           main] l.n.s.TagProcessorServiceIntegrationTest : Starting TagProcessorServiceIntegrationTest using Java 21.0.8 with PID 364882 (started by luke in /home/luke/workspace/Noortools)
2025-10-26T00:12:08.927+02:00  INFO 364882 --- [           main] l.n.s.TagProcessorServiceIntegrationTest : No active profile set, falling back to 1 default profile: "default"
2025-10-26T00:12:09.476+02:00  INFO 364882 --- [           main] org.reflections.Reflections              : Reflections took 39 ms to scan 2 urls, producing 1 keys and 10 values
Registered tag: inch -> org.ln.noortools.tag.IncH
Registered tag: incr -> org.ln.noortools.tag.IncR
Registered tag: decr -> org.ln.noortools.tag.DecR
Registered tag: randl -> org.ln.noortools.tag.RandL
Registered tag: incn -> org.ln.noortools.tag.IncN
Registered tag: word -> org.ln.noortools.tag.Word
Registered tag: decn -> org.ln.noortools.tag.DecN
Registered tag: randn -> org.ln.noortools.tag.RandN
Registered tag: subs -> org.ln.noortools.tag.Subs
Registered tag: incl -> org.ln.noortools.tag.IncL
2025-10-26T00:12:09.566+02:00  INFO 364882 --- [           main] l.n.s.TagProcessorServiceIntegrationTest : Started TagProcessorServiceIntegrationTest in 1.0 seconds (process running for 1.944)
]]></system-out>
    <system-err><![CDATA[Mockito is currently self-attaching to enable the inline-mock-maker. This will no longer work in future releases of the JDK. Please add Mockito as an agent to your build what is described in Mockito's documentation: https://javadoc.io/doc/org.mockito/mockito-core/latest/org/mockito/Mockito.html#0.3
WARNING: A Java agent has been loaded dynamically (/home/luke/.m2/repository/net/bytebuddy/byte-buddy-agent/1.15.4/byte-buddy-agent-1.15.4.jar)
WARNING: If a serviceability tool is in use, please run with -XX:+EnableDynamicAgentLoading to hide this warning
WARNING: If a serviceability tool is not in use, please run with -Djdk.instrument.traceUsage for more information
WARNING: Dynamic loading of agents will be disallowed by default in a future release
]]></system-err>
  </testcase>
  <testcase name="testIncNTag" classname="org.ln.noortools.service.TagProcessorServiceIntegrationTest" time="0.006"/>
  <testcase name="testSubsTag" classname="org.ln.noortools.service.TagProcessorServiceIntegrationTest" time="0.005"/>
</testsuite>